+ fifo=/home/klja/.sh/149356.fifo
++ dirname /home/klja/.sh/Request
+ responseFifo=/home/klja/.sh/159100.fifo
+ mkfifo /home/klja/.sh/159100.fifo
+ trap 'rm /home/klja/.sh/159100.fifo' EXIT
+ echo /home/klja/.sh/159100.fifo preview
+ exec
+ read -u 12 response
+ echo '[38;5;238m' '1[0m' '[38;5;81mlet[0m[38;5;231m' '[0m[38;5;231ms:source[0m[38;5;231m' = '[0m[38;5;186m"'\''find' . '!' -readable -prune -or '"("' -type f -or -type l '")"' -and '!' -name '*.swp' '|' sed 's#^\./##'\''"[0m'
+ read -u 12 response
+ echo '[38;5;238m' '2[0m' '[38;5;81mlet[0m[38;5;231m' '[0m[38;5;231ms:preview[0m[38;5;231m' = '[0m[38;5;186m"'\''"[0m[38;5;203m.[0m[38;5;203m.[0m[38;5;231m$HOME[0m[38;5;203m.[0m[38;5;203m.[0m[38;5;186m"/.sh/lspath' '{}' '$FZF_PREVIEW_COLUMNS'\''"[0m'
+ read -u 12 response
+ echo '[38;5;238m' '3[0m' '[38;5;81mlet[0m[38;5;231m' '[0m[38;5;231ms:bindPreviewUpDown[0m[38;5;231m' = '[0m[38;5;186m"'\''--bind'\'',' ''\''ctrl-u:preview-half-page-up'\'',' ''\''--bind'\'',' ''\''ctrl-d:preview-half-page-down'\''"[0m'
+ read -u 12 response
+ echo '[38;5;238m' '4[0m' '[38;5;81mlet[0m[38;5;231m' '[0m[38;5;231ms:bindClearQuery[0m[38;5;231m' = '[0m[38;5;186m"'\''--bind'\'',' ''\''ctrl-l:clear-query'\''"[0m'
+ read -u 12 response
+ echo '[38;5;238m' '5[0m' '[38;5;81mlet[0m[38;5;231m' '[0m[38;5;231ms:options[0m[38;5;231m' = '[0m[38;5;186m"['\''--preview'\'',' '"[0m[38;5;203m.[0m[38;5;203m.[0m[38;5;231ms:preview[0m[38;5;203m.[0m[38;5;203m.[0m[38;5;186m",' '"[0m[38;5;203m.[0m[38;5;203m.[0m[38;5;231ms:bindPreviewUpDown[0m[38;5;203m.[0m[38;5;203m.[0m[38;5;186m",' '"[0m[38;5;203m.[0m[38;5;203m.[0m[38;5;231ms:bindClearQuery[0m[38;5;203m.[0m[38;5;203m.[0m[38;5;186m"]"[0m'
+ read -u 12 response
+ echo '[38;5;238m' '6[0m' '[38;5;81mexe[0m[38;5;231m' '[0m[38;5;186m"command' OpFile call 'fzf#run({'\''source'\'':' '"[0m[38;5;231m' '[0m[38;5;231ms:source[0m[38;5;231m' '[0m[38;5;186m",'\''options'\'':"[0m[38;5;231m' '[0m[38;5;231ms:options[0m[38;5;231m' '[0m[38;5;186m",' ''\''sink'\'':' ''\''e'\''})"[0m'
+ read -u 12 response
+ echo '[38;5;238m' '7[0m'
+ read -u 12 response
+ echo '[38;5;238m' '8[0m' '[38;5;81mlet[0m[38;5;231m' '[0m[38;5;231ms:source[0m[38;5;231m' = '[0m[38;5;186m"'\''git' log '--format='\'''\''%h' %an %ar: '%s'\'''\''' -- ''\''..expand('\''%'\'')"[0m'
+ read -u 12 response
+ echo '[38;5;238m' '9[0m' '[38;5;81mlet[0m[38;5;231m' '[0m[38;5;231ms:previewGit[0m[38;5;231m' = '[0m[38;5;186m"'\''echo' '{}' '|' awk ''\'''\''{print' '$1}'\'''\''' '|' xargs '-I{}' git show '{}:'\''..expand('\''%'\'')"[0m'
+ read -u 12 response
+ echo '[38;5;238m' '10[0m' '[38;5;81mlet[0m[38;5;231m' '[0m[38;5;231ms:preview[0m[38;5;231m' = '[0m[38;5;231ms:previewGit[0m[38;5;203m.[0m[38;5;203m.[0m[38;5;186m"..'\''' '|' bat -n --color=always '-l='\''..split(expand('\''%:t'\''),' ''\''\.'\'')[-1]"[0m'
+ read -u 12 response
+ echo '[38;5;238m' '11[0m' '[38;5;81mlet[0m[38;5;231m' '[0m[38;5;231ms:previewWindow[0m[38;5;231m' = '[0m[38;5;186m"'\''+'\''..line('\''w0'\'')"[0m'
+ read -u 12 response
+ echo '[38;5;238m' '12[0m' '[38;5;81mlet[0m[38;5;231m' '[0m[38;5;231ms:options[0m[38;5;231m' = '[0m[38;5;186m"['\''--preview'\'',' '"[0m[38;5;203m.[0m[38;5;203m.[0m[38;5;231ms:preview[0m[38;5;203m.[0m[38;5;203m.[0m[38;5;186m",' ''\''--preview-window'\'',' '"[0m[38;5;203m.[0m[38;5;203m.[0m[38;5;231ms:previewWindow[0m[38;5;203m.[0m[38;5;203m.[0m[38;5;186m",' '"[0m[38;5;203m.[0m[38;5;203m.[0m[38;5;231ms:bindPreviewUpDown[0m[38;5;203m.[0m[38;5;203m.[0m[38;5;186m"]"[0m'
+ read -u 12 response
+ echo '[38;5;238m' '13[0m' '[38;5;81mexe[0m[38;5;231m' '[0m[38;5;186m"command' OpGitLog call 'fzf#run({'\''source'\'':' '"[0m[38;5;231m' '[0m[38;5;231ms:source[0m[38;5;231m' '[0m[38;5;186m",' ''\''options'\'':"[0m[38;5;231m' '[0m[38;5;231ms:options[0m[38;5;231m' '[0m[38;5;186m"})"[0m'
+ read -u 12 response
+ echo '[38;5;238m' '14[0m'
+ read -u 12 response
+ echo '[38;5;238m' '15[0m' '[38;5;81mlet[0m[38;5;231m' '[0m[38;5;231mg:opGrepServer[0m[38;5;231m' = '[0m[38;5;81mjob_start[0m[38;5;231m([$HOME[0m[38;5;203m.[0m[38;5;203m.[0m[38;5;186m"/.sh/OpGrepServer"[0m[38;5;231m])[0m'
+ read -u 12 response
+ echo '[38;5;238m' '16[0m' '[38;5;81mlet[0m[38;5;231m' '[0m[38;5;231mg:opGrepFifo[0m[38;5;231m' = '[0m[38;5;81mch_readraw[0m[38;5;231m([0m[38;5;231mg:opGrepServer[0m[38;5;231m)[0m'
+ read -u 12 response
+ echo '[38;5;238m' '17[0m' '[38;5;81mlet[0m[38;5;231m' '[0m[38;5;231mg:opGrepClient[0m[38;5;231m' = '[0m[38;5;81mjob_start[0m[38;5;231m([$HOME[0m[38;5;203m.[0m[38;5;203m.[0m[38;5;186m"/.sh/Client"[0m[38;5;231m,' '[0m[38;5;231mg:opGrepFifo[0m[38;5;231m])[0m'
+ read -u 12 response
+ echo '[38;5;238m' '18[0m' '[38;5;81mlet[0m[38;5;231m' '[0m[38;5;231mg:opGrepRequest[0m[38;5;231m' = '$HOME[0m[38;5;203m.[0m[38;5;203m.[0m[38;5;186m"/.sh/Request' '"[0m[38;5;203m.[0m[38;5;203m.[0m[38;5;231mg:opGrepFifo[0m'
+ read -u 12 response
+ echo '[38;5;238m' '19[0m' '[38;5;203mfunction[0m[38;5;231m!' '[0m[38;5;149mOpenFileFromOpGrepList[0m[38;5;231m([0m[38;5;231mselected)[0m'
+ read -u 12 response
+ echo '[38;5;238m' '20[0m' '[38;5;231m' '[0m[38;5;81mlet[0m[38;5;231m' '[0m[38;5;231ml:num[0m[38;5;231m' = '[0m[38;5;81mch_evalraw[0m[38;5;231m([0m[38;5;231mg:opGrepClient[0m[38;5;231m,' '[0m[38;5;186m"getSelectedLineNumbern"[0m[38;5;231m)[0m'
+ read -u 12 response
+ echo '[38;5;238m' '21[0m' '[48;5;236;38;5;231m' '[0m[48;5;236;38;5;81mlet[0m[48;5;236;38;5;231m' '[0m[48;5;236;38;5;231ml:file[0m[48;5;236;38;5;231m' = '[0m[48;5;236;38;5;81msplit[0m[48;5;236;38;5;231m([0m[48;5;236;38;5;81ma[0m[48;5;236;38;5;203m:[0m[48;5;236;38;5;231mselected,' '[0m[48;5;236;38;5;186m":"[0m[48;5;236;38;5;231m)[[0m[48;5;236;38;5;141m0[0m[48;5;236;38;5;231m][0m[48;5;236m' '[0m'
+ read -u 12 response
+ echo '[38;5;238m' '22[0m' '[38;5;231m' '[0m[38;5;81mexe[0m[38;5;231m' '[0m[38;5;186m":e' '+"[0m[38;5;203m.[0m[38;5;203m.[0m[38;5;231ml:num[0m[38;5;203m.[0m[38;5;203m.[0m[38;5;186m"' '"[0m[38;5;203m.[0m[38;5;203m.[0m[38;5;231ml:file[0m'
+ read -u 12 response
+ echo '[38;5;238m' '23[0m' '[38;5;203mendfunction[0m'
+ read -u 12 response
+ echo '[38;5;238m' '24[0m' '[38;5;81mlet[0m[38;5;231m' '[0m[38;5;231ms:source[0m[38;5;231m' = '[0m[38;5;186m"'\''ag' -cU '<args>'\''"[0m'
+ read -u 12 response
+ echo '[38;5;238m' '25[0m' '[38;5;81mlet[0m[38;5;231m' '[0m[38;5;231ms:preview[0m[38;5;231m' = '[0m[38;5;186m"'\''"[0m[38;5;203m.[0m[38;5;203m.[0m[38;5;231mg:opGrepRequest[0m[38;5;203m.[0m[38;5;203m.[0m[38;5;186m"' 'preview'\''"[0m'
+ read -u 12 response
+ echo '[38;5;238m' '26[0m' '[38;5;81mlet[0m[38;5;231m' '[0m[38;5;231ms:bindInit[0m[38;5;231m' = '[0m[38;5;186m"'\''--bind'\'',' ''\''focus:execute-silent("[0m[38;5;203m.[0m[38;5;203m.[0m[38;5;231mg:opGrepRequest[0m[38;5;203m.[0m[38;5;203m.[0m[38;5;186m"' init '{1}' '$FZF_PREVIEW_LINES' '<args>)+refresh-preview'\''"[0m'
+ read -u 12 response
+ echo '[38;5;238m' '27[0m' '[38;5;81mlet[0m[38;5;231m' '[0m[38;5;231ms:bindNext[0m[38;5;231m' = '[0m[38;5;186m"'\''--bind'\'',' ''\''ctrl-n:execute-silent("[0m[38;5;203m.[0m[38;5;203m.[0m[38;5;231mg:opGrepRequest[0m[38;5;203m.[0m[38;5;203m.[0m[38;5;186m"' 'next)+refresh-preview'\''"[0m'
+ read -u 12 response
+ echo '[38;5;238m' '28[0m' '[38;5;81mlet[0m[38;5;231m' '[0m[38;5;231ms:options[0m[38;5;231m' = '[0m[38;5;186m"['\''-d'\'',' ''\'':'\'',' ''\''--nth'\'',' ''\''1'\'',' ''\''--preview'\'',' '"[0m[38;5;203m.[0m[38;5;203m.[0m[38;5;231ms:preview[0m[38;5;203m.[0m[38;5;203m.[0m[38;5;186m",' '"[0m[38;5;203m.[0m[38;5;203m.[0m[38;5;231ms:bindInit[0m[38;5;203m.[0m[38;5;203m.[0m[38;5;186m",' '"[0m[38;5;203m.[0m[38;5;203m.[0m[38;5;231ms:bindNext[0m[38;5;203m.[0m[38;5;203m.[0m[38;5;186m"]"[0m'
+ read -u 12 response
+ echo '[38;5;238m' '29[0m' '[38;5;81mexe[0m[38;5;231m' '[0m[38;5;186m"command' -nargs=+ OpGrep call 'fzf#run({'\''source'\'':' '"[0m[38;5;231m' '[0m[38;5;231ms:source[0m[38;5;231m' '[0m[38;5;186m",' ''\''options'\'':"[0m[38;5;231m' '[0m[38;5;231ms:options[0m[38;5;231m' '[0m[38;5;186m",' ''\''sink'\'':' 'function('\''OpenFileFromOpGrepList'\'')})"[0m'
+ read -u 12 response
+ echo '[38;5;238m' '30[0m'
+ read -u 12 response
+ echo '[38;5;238m' '31[0m' '[38;5;203mfunction[0m[38;5;231m' '[0m[38;5;149mOpGrepWithWordUnderCursor[0m[38;5;231m([0m[38;5;231m)[0m'
+ read -u 12 response
+ echo '[38;5;238m' '32[0m' '[38;5;231m' call '[0m[38;5;81mfeedkeys[0m[38;5;231m([0m[38;5;186m":OpGrep' '"[0m[38;5;203m.[0m[38;5;203m.[0m[38;5;81mexpand[0m[38;5;231m([0m[38;5;186m"<cword>"[0m[38;5;231m))[0m'
+ read -u 12 response
+ echo '[38;5;238m' '33[0m' '[38;5;203mendfunction[0m'
+ read -u 12 response
+ rm /home/klja/.sh/159100.fifo
